currenr_dir:Some("/home/work/sqlfuzz")
datafusion-cli:/home/work/arrow-datafusion/datafusion-cli/target/debug/datafusion-cli
create_table:/home/work/sqlfuzz/test/create_table.sql
query:/home/work/sqlfuzz/test/query.sql
stsmts count:1
stsmts count:1
+--------+--------+------------+-------------+----------+----------+
| _c0    | _c1    | _c2        | _c3         | _c4      | _c5      |
+--------+--------+------------+-------------+----------+----------+
|        |        |            |             |          |          |
| 11562  | 10442  | 489607044  | -1956561287 | Hrwg|)Fp | , wCs`cj |
| -6237  | -15848 | -140106101 | -642563622  | qS.^3tSD | IFNrY=)[ |
| -28497 | -26712 | -403519512 | 1372945094  | piO"GoyU | 3&BL\KRz |
| 8789   | -1660  | 445239954  | -1327173631 | R8.8{zo\ | J_Im2vtL |
|        |        |            |             | h/{}1dmm | 6nG1$C,_ |
| 13369  | -17040 | 460260273  | 1498972619  | 2>b+0&oq | X2;3+Z}# |
| -3518  | 26800  | -68484911  | 1863151845  |          |          |
| -14599 | -4451  | 1777276309 | 327968811   | $A!oa>Qi | l9X4J_x9 |
| -5296  | 17785  | 2096344428 | 1417024253  | \WJu<u+N | Zaz6VvWx |
+--------+--------+------------+-------------+----------+----------+

